# JRE version: OpenJDK Runtime Environment (15.0.1+9) (build 15.0.1+9-18)
# Java VM: OpenJDK 64-Bit Server VM (15.0.1+9-18, mixed mode, tiered, compressed oops, g1 gc, linux-amd64)
GC Precious Log:
 CPUs: 4 total, 4 available
 Memory: 7894M
 Large Page Support: Disabled
 NUMA Support: Disabled
 Compressed Oops: Enabled (32-bit)
 Heap Region Size: 1M
 Heap Min Capacity: 8M
 Heap Initial Capacity: 124M
 Heap Max Capacity: 1974M
 Pre-touch: Disabled
 Parallel Workers: 4
 Concurrent Workers: 1
 Concurrent Refinement Workers: 4
 Periodic GC: Disabled
Heap:
 garbage-first heap   total 126976K, used 27556K [0x0000000084a00000, 0x0000000100000000)
  region size 1024K, 19 young (19456K), 1 survivors (1024K)
 Metaspace       used 10629K, capacity 10714K, committed 11008K, reserved 1058816K
  class space    used 934K, capacity 967K, committed 1024K, reserved 1048576K
GC Heap History (10 events):
Event: 0,475 GC heap before
{Heap before GC invocations=0 (full 0):
 garbage-first heap   total 126976K, used 13312K [0x0000000084a00000, 0x0000000100000000)
  region size 1024K, 13 young (13312K), 0 survivors (0K)
 Metaspace       used 9033K, capacity 9153K, committed 9344K, reserved 1058816K
  class space    used 783K, capacity 831K, committed 896K, reserved 1048576K
}
Event: 0,481 GC heap after
{Heap after GC invocations=1 (full 0):
 garbage-first heap   total 126976K, used 10439K [0x0000000084a00000, 0x0000000100000000)
  region size 1024K, 2 young (2048K), 2 survivors (2048K)
 Metaspace       used 9033K, capacity 9153K, committed 9344K, reserved 1058816K
  class space    used 783K, capacity 831K, committed 896K, reserved 1048576K
}
Event: 0,513 GC heap before
{Heap before GC invocations=1 (full 0):
 garbage-first heap   total 126976K, used 19655K [0x0000000084a00000, 0x0000000100000000)
  region size 1024K, 11 young (11264K), 2 survivors (2048K)
 Metaspace       used 9098K, capacity 9217K, committed 9600K, reserved 1058816K
  class space    used 783K, capacity 831K, committed 896K, reserved 1048576K
}
Event: 0,515 GC heap after
{Heap after GC invocations=2 (full 0):
 garbage-first heap   total 126976K, used 9891K [0x0000000084a00000, 0x0000000100000000)
  region size 1024K, 1 young (1024K), 1 survivors (1024K)
 Metaspace       used 9098K, capacity 9217K, committed 9600K, reserved 1058816K
  class space    used 783K, capacity 831K, committed 896K, reserved 1048576K
}
Event: 0,570 GC heap before
{Heap before GC invocations=2 (full 0):
 garbage-first heap   total 126976K, used 31395K [0x0000000084a00000, 0x0000000100000000)
  region size 1024K, 22 young (22528K), 1 survivors (1024K)
 Metaspace       used 9362K, capacity 9505K, committed 9856K, reserved 1058816K
  class space    used 817K, capacity 863K, committed 896K, reserved 1048576K
}
Event: 0,571 GC heap after
{Heap after GC invocations=3 (full 0):
 garbage-first heap   total 126976K, used 9943K [0x0000000084a00000, 0x0000000100000000)
  region size 1024K, 1 young (1024K), 1 survivors (1024K)
 Metaspace       used 9362K, capacity 9505K, committed 9856K, reserved 1058816K
  class space    used 817K, capacity 863K, committed 896K, reserved 1048576K
}
Event: 0,902 GC heap before
{Heap before GC invocations=3 (full 0):
 garbage-first heap   total 126976K, used 84695K [0x0000000084a00000, 0x0000000100000000)
  region size 1024K, 74 young (75776K), 1 survivors (1024K)
 Metaspace       used 10156K, capacity 10298K, committed 10496K, reserved 1058816K
  class space    used 895K, capacity 935K, committed 1024K, reserved 1048576K
}
Event: 0,904 GC heap after
{Heap after GC invocations=4 (full 0):
 garbage-first heap   total 126976K, used 10074K [0x0000000084a00000, 0x0000000100000000)
  region size 1024K, 1 young (1024K), 1 survivors (1024K)
 Metaspace       used 10156K, capacity 10298K, committed 10496K, reserved 1058816K
  class space    used 895K, capacity 935K, committed 1024K, reserved 1048576K
}
Event: 1,320 GC heap before
{Heap before GC invocations=4 (full 0):
 garbage-first heap   total 126976K, used 84826K [0x0000000084a00000, 0x0000000100000000)
  region size 1024K, 74 young (75776K), 1 survivors (1024K)
 Metaspace       used 10561K, capacity 10650K, committed 11008K, reserved 1058816K
  class space    used 931K, capacity 967K, committed 1024K, reserved 1048576K
}
Event: 1,321 GC heap after
{Heap after GC invocations=5 (full 0):
 garbage-first heap   total 126976K, used 10148K [0x0000000084a00000, 0x0000000100000000)
  region size 1024K, 1 young (1024K), 1 survivors (1024K)
 Metaspace       used 10561K, capacity 10650K, committed 11008K, reserved 1058816K
  class space    used 931K, capacity 967K, committed 1024K, reserved 1048576K
}

