# JRE version: OpenJDK Runtime Environment (15.0.1+9) (build 15.0.1+9-18)
# Java VM: OpenJDK 64-Bit Server VM (15.0.1+9-18, mixed mode, tiered, compressed oops, g1 gc, linux-amd64)
GC Precious Log:
 CPUs: 4 total, 4 available
 Memory: 7894M
 Large Page Support: Disabled
 NUMA Support: Disabled
 Compressed Oops: Enabled (32-bit)
 Heap Region Size: 1M
 Heap Min Capacity: 8M
 Heap Initial Capacity: 124M
 Heap Max Capacity: 1974M
 Pre-touch: Disabled
 Parallel Workers: 4
 Concurrent Workers: 1
 Concurrent Refinement Workers: 4
 Periodic GC: Disabled
Heap:
 garbage-first heap   total 126976K, used 69570K [0x0000000084a00000, 0x0000000100000000)
  region size 1024K, 60 young (61440K), 1 survivors (1024K)
 Metaspace       used 10763K, capacity 10906K, committed 11008K, reserved 1058816K
  class space    used 940K, capacity 967K, committed 1024K, reserved 1048576K
GC Heap History (10 events):
Event: 0,345 GC heap before
{Heap before GC invocations=0 (full 0):
 garbage-first heap   total 126976K, used 13312K [0x0000000084a00000, 0x0000000100000000)
  region size 1024K, 13 young (13312K), 0 survivors (0K)
 Metaspace       used 9002K, capacity 9089K, committed 9344K, reserved 1058816K
  class space    used 783K, capacity 831K, committed 896K, reserved 1048576K
}
Event: 0,349 GC heap after
{Heap after GC invocations=1 (full 0):
 garbage-first heap   total 126976K, used 10137K [0x0000000084a00000, 0x0000000100000000)
  region size 1024K, 2 young (2048K), 2 survivors (2048K)
 Metaspace       used 9002K, capacity 9089K, committed 9344K, reserved 1058816K
  class space    used 783K, capacity 831K, committed 896K, reserved 1048576K
}
Event: 0,378 GC heap before
{Heap before GC invocations=1 (full 0):
 garbage-first heap   total 126976K, used 19353K [0x0000000084a00000, 0x0000000100000000)
  region size 1024K, 11 young (11264K), 2 survivors (2048K)
 Metaspace       used 9069K, capacity 9153K, committed 9344K, reserved 1058816K
  class space    used 783K, capacity 831K, committed 896K, reserved 1048576K
}
Event: 0,380 GC heap after
{Heap after GC invocations=2 (full 0):
 garbage-first heap   total 126976K, used 10015K [0x0000000084a00000, 0x0000000100000000)
  region size 1024K, 1 young (1024K), 1 survivors (1024K)
 Metaspace       used 9069K, capacity 9153K, committed 9344K, reserved 1058816K
  class space    used 783K, capacity 831K, committed 896K, reserved 1048576K
}
Event: 0,443 GC heap before
{Heap before GC invocations=2 (full 0):
 garbage-first heap   total 126976K, used 31519K [0x0000000084a00000, 0x0000000100000000)
  region size 1024K, 22 young (22528K), 1 survivors (1024K)
 Metaspace       used 9410K, capacity 9505K, committed 9600K, reserved 1058816K
  class space    used 821K, capacity 863K, committed 896K, reserved 1048576K
}
Event: 0,444 GC heap after
{Heap after GC invocations=3 (full 0):
 garbage-first heap   total 126976K, used 10046K [0x0000000084a00000, 0x0000000100000000)
  region size 1024K, 1 young (1024K), 1 survivors (1024K)
 Metaspace       used 9410K, capacity 9505K, committed 9600K, reserved 1058816K
  class space    used 821K, capacity 863K, committed 896K, reserved 1048576K
}
Event: 0,775 GC heap before
{Heap before GC invocations=3 (full 0):
 garbage-first heap   total 126976K, used 84798K [0x0000000084a00000, 0x0000000100000000)
  region size 1024K, 74 young (75776K), 1 survivors (1024K)
 Metaspace       used 10299K, capacity 10426K, committed 10752K, reserved 1058816K
  class space    used 901K, capacity 935K, committed 1024K, reserved 1048576K
}
Event: 0,776 GC heap after
{Heap after GC invocations=4 (full 0):
 garbage-first heap   total 126976K, used 10162K [0x0000000084a00000, 0x0000000100000000)
  region size 1024K, 1 young (1024K), 1 survivors (1024K)
 Metaspace       used 10299K, capacity 10426K, committed 10752K, reserved 1058816K
  class space    used 901K, capacity 935K, committed 1024K, reserved 1048576K
}
Event: 1,026 GC heap before
{Heap before GC invocations=4 (full 0):
 garbage-first heap   total 126976K, used 84914K [0x0000000084a00000, 0x0000000100000000)
  region size 1024K, 74 young (75776K), 1 survivors (1024K)
 Metaspace       used 10329K, capacity 10426K, committed 10752K, reserved 1058816K
  class space    used 902K, capacity 935K, committed 1024K, reserved 1048576K
}
Event: 1,027 GC heap after
{Heap after GC invocations=5 (full 0):
 garbage-first heap   total 126976K, used 10178K [0x0000000084a00000, 0x0000000100000000)
  region size 1024K, 1 young (1024K), 1 survivors (1024K)
 Metaspace       used 10329K, capacity 10426K, committed 10752K, reserved 1058816K
  class space    used 902K, capacity 935K, committed 1024K, reserved 1048576K
}

